<?xml version="1.0" encoding="UTF-8"?>
<testsuite xmlns:xsi="http://www.w3.org/2001/XMLSchema-instance" xsi:noNamespaceSchemaLocation="https://maven.apache.org/surefire/maven-surefire-plugin/xsd/surefire-test-report-3.0.xsd" version="3.0" name="cucumber.Options.TestRunner" time="9.096" tests="7" errors="0" skipped="0" failures="0">
  <properties>
[...]
</properties>
  <testcase name="Verify if API functionality is working" classname="Simple Books API validations" time="2.108"/>
  <testcase name="Get the list of the books filtering with type and select a book #1" classname="Simple Books API validations" time="0.721"/>
  <testcase name="Get the list of the books filtering with type and select a book #2" classname="Simple Books API validations" time="0.907"/>
  <testcase name="Verify if book is in stock" classname="Simple Books API validations" time="0.573"/>
  <testcase name="Verify if order book functionalty is working #1" classname="Simple Books API validations" time="1.572"/>
  <testcase name="Verify if order book functionalty is working #2" classname="Simple Books API validations" time="1.364"/>
  <testcase name="Verify if DeleteOrder API functionality is working" classname="Simple Books API validations" time="0.902"/>
</testsuite>